27-05-2024 00:05:48 ERROR ProfessorDAO:141: ERROR: 
java.sql.SQLException: Column 'país' not found.
	at com.mysql.cj.jdbc.exceptions.SQLError.createSQLException(SQLError.java:129)
	at com.mysql.cj.jdbc.exceptions.SQLError.createSQLException(SQLError.java:97)
	at com.mysql.cj.jdbc.exceptions.SQLError.createSQLException(SQLError.java:89)
	at com.mysql.cj.jdbc.exceptions.SQLError.createSQLException(SQLError.java:63)
	at com.mysql.cj.jdbc.result.ResultSetImpl.findColumn(ResultSetImpl.java:575)
	at com.mysql.cj.jdbc.result.ResultSetImpl.getString(ResultSetImpl.java:882)
	at logic.DAO.ProfessorDAO.loadProfessorsCountry(ProfessorDAO.java:138)
	at GUI.AddProfessorController.loadCountry(AddProfessorController.java:283)
	at GUI.AddProfessorController.initialize(AddProfessorController.java:337)
	at java.base/jdk.internal.reflect.DirectMethodHandleAccessor.invoke(DirectMethodHandleAccessor.java:104)
	at java.base/java.lang.reflect.Method.invoke(Method.java:578)
	at com.sun.javafx.reflect.Trampoline.invoke(MethodUtil.java:72)
	at java.base/jdk.internal.reflect.DirectMethodHandleAccessor.invoke(DirectMethodHandleAccessor.java:104)
	at java.base/java.lang.reflect.Method.invoke(Method.java:578)
	at javafx.base@21.0.2/com.sun.javafx.reflect.MethodUtil.invoke(MethodUtil.java:270)
	at javafx.fxml@21.0.2/com.sun.javafx.fxml.MethodHelper.invoke(MethodHelper.java:84)
	at javafx.fxml@21.0.2/javafx.fxml.FXMLLoader.loadImpl(FXMLLoader.java:2688)
	at javafx.fxml@21.0.2/javafx.fxml.FXMLLoader.loadImpl(FXMLLoader.java:2563)
	at javafx.fxml@21.0.2/javafx.fxml.FXMLLoader.loadImpl(FXMLLoader.java:3376)
	at javafx.fxml@21.0.2/javafx.fxml.FXMLLoader.loadImpl(FXMLLoader.java:3332)
	at javafx.fxml@21.0.2/javafx.fxml.FXMLLoader.loadImpl(FXMLLoader.java:3300)
	at javafx.fxml@21.0.2/javafx.fxml.FXMLLoader.loadImpl(FXMLLoader.java:3272)
	at javafx.fxml@21.0.2/javafx.fxml.FXMLLoader.loadImpl(FXMLLoader.java:3248)
	at javafx.fxml@21.0.2/javafx.fxml.FXMLLoader.load(FXMLLoader.java:3241)
	at GUI.MainAddProfessor.start(MainAddProfessor.java:13)
	at javafx.graphics@21.0.2/com.sun.javafx.application.LauncherImpl.lambda$launchApplication1$9(LauncherImpl.java:839)
	at javafx.graphics@21.0.2/com.sun.javafx.application.PlatformImpl.lambda$runAndWait$12(PlatformImpl.java:483)
	at javafx.graphics@21.0.2/com.sun.javafx.application.PlatformImpl.lambda$runLater$10(PlatformImpl.java:456)
	at java.base/java.security.AccessController.doPrivileged(AccessController.java:399)
	at javafx.graphics@21.0.2/com.sun.javafx.application.PlatformImpl.lambda$runLater$11(PlatformImpl.java:455)
	at javafx.graphics@21.0.2/com.sun.glass.ui.InvokeLaterDispatcher$Future.run(InvokeLaterDispatcher.java:95)
	at javafx.graphics@21.0.2/com.sun.glass.ui.win.WinApplication._runLoop(Native Method)
	at javafx.graphics@21.0.2/com.sun.glass.ui.win.WinApplication.lambda$runLoop$3(WinApplication.java:185)
	at java.base/java.lang.Thread.run(Thread.java:1589)
27-05-2024 00:07:32 ERROR ProfessorDAO:141: ERROR: 
java.sql.SQLException: Column 'país' not found.
	at com.mysql.cj.jdbc.exceptions.SQLError.createSQLException(SQLError.java:129)
	at com.mysql.cj.jdbc.exceptions.SQLError.createSQLException(SQLError.java:97)
	at com.mysql.cj.jdbc.exceptions.SQLError.createSQLException(SQLError.java:89)
	at com.mysql.cj.jdbc.exceptions.SQLError.createSQLException(SQLError.java:63)
	at com.mysql.cj.jdbc.result.ResultSetImpl.findColumn(ResultSetImpl.java:575)
	at com.mysql.cj.jdbc.result.ResultSetImpl.getString(ResultSetImpl.java:882)
	at logic.DAO.ProfessorDAO.loadProfessorsCountry(ProfessorDAO.java:138)
	at GUI.AddProfessorController.loadCountry(AddProfessorController.java:283)
	at GUI.AddProfessorController.initialize(AddProfessorController.java:344)
	at java.base/jdk.internal.reflect.DirectMethodHandleAccessor.invoke(DirectMethodHandleAccessor.java:104)
	at java.base/java.lang.reflect.Method.invoke(Method.java:578)
	at com.sun.javafx.reflect.Trampoline.invoke(MethodUtil.java:72)
	at java.base/jdk.internal.reflect.DirectMethodHandleAccessor.invoke(DirectMethodHandleAccessor.java:104)
	at java.base/java.lang.reflect.Method.invoke(Method.java:578)
	at javafx.base@21.0.2/com.sun.javafx.reflect.MethodUtil.invoke(MethodUtil.java:270)
	at javafx.fxml@21.0.2/com.sun.javafx.fxml.MethodHelper.invoke(MethodHelper.java:84)
	at javafx.fxml@21.0.2/javafx.fxml.FXMLLoader.loadImpl(FXMLLoader.java:2688)
	at javafx.fxml@21.0.2/javafx.fxml.FXMLLoader.loadImpl(FXMLLoader.java:2563)
	at javafx.fxml@21.0.2/javafx.fxml.FXMLLoader.loadImpl(FXMLLoader.java:3376)
	at javafx.fxml@21.0.2/javafx.fxml.FXMLLoader.loadImpl(FXMLLoader.java:3332)
	at javafx.fxml@21.0.2/javafx.fxml.FXMLLoader.loadImpl(FXMLLoader.java:3300)
	at javafx.fxml@21.0.2/javafx.fxml.FXMLLoader.loadImpl(FXMLLoader.java:3272)
	at javafx.fxml@21.0.2/javafx.fxml.FXMLLoader.loadImpl(FXMLLoader.java:3248)
	at javafx.fxml@21.0.2/javafx.fxml.FXMLLoader.load(FXMLLoader.java:3241)
	at GUI.MainAddProfessor.start(MainAddProfessor.java:13)
	at javafx.graphics@21.0.2/com.sun.javafx.application.LauncherImpl.lambda$launchApplication1$9(LauncherImpl.java:839)
	at javafx.graphics@21.0.2/com.sun.javafx.application.PlatformImpl.lambda$runAndWait$12(PlatformImpl.java:483)
	at javafx.graphics@21.0.2/com.sun.javafx.application.PlatformImpl.lambda$runLater$10(PlatformImpl.java:456)
	at java.base/java.security.AccessController.doPrivileged(AccessController.java:399)
	at javafx.graphics@21.0.2/com.sun.javafx.application.PlatformImpl.lambda$runLater$11(PlatformImpl.java:455)
	at javafx.graphics@21.0.2/com.sun.glass.ui.InvokeLaterDispatcher$Future.run(InvokeLaterDispatcher.java:95)
	at javafx.graphics@21.0.2/com.sun.glass.ui.win.WinApplication._runLoop(Native Method)
	at javafx.graphics@21.0.2/com.sun.glass.ui.win.WinApplication.lambda$runLoop$3(WinApplication.java:185)
	at java.base/java.lang.Thread.run(Thread.java:1589)
27-05-2024 00:10:59 ERROR ProfessorDAO:141: ERROR: 
java.sql.SQLException: Column 'país' not found.
	at com.mysql.cj.jdbc.exceptions.SQLError.createSQLException(SQLError.java:129)
	at com.mysql.cj.jdbc.exceptions.SQLError.createSQLException(SQLError.java:97)
	at com.mysql.cj.jdbc.exceptions.SQLError.createSQLException(SQLError.java:89)
	at com.mysql.cj.jdbc.exceptions.SQLError.createSQLException(SQLError.java:63)
	at com.mysql.cj.jdbc.result.ResultSetImpl.findColumn(ResultSetImpl.java:575)
	at com.mysql.cj.jdbc.result.ResultSetImpl.getString(ResultSetImpl.java:882)
	at logic.DAO.ProfessorDAO.loadProfessorsCountry(ProfessorDAO.java:138)
	at GUI.AddProfessorController.initialize(AddProfessorController.java:344)
	at java.base/jdk.internal.reflect.DirectMethodHandleAccessor.invoke(DirectMethodHandleAccessor.java:104)
	at java.base/java.lang.reflect.Method.invoke(Method.java:578)
	at com.sun.javafx.reflect.Trampoline.invoke(MethodUtil.java:72)
	at java.base/jdk.internal.reflect.DirectMethodHandleAccessor.invoke(DirectMethodHandleAccessor.java:104)
	at java.base/java.lang.reflect.Method.invoke(Method.java:578)
	at javafx.base@21.0.2/com.sun.javafx.reflect.MethodUtil.invoke(MethodUtil.java:270)
	at javafx.fxml@21.0.2/com.sun.javafx.fxml.MethodHelper.invoke(MethodHelper.java:84)
	at javafx.fxml@21.0.2/javafx.fxml.FXMLLoader.loadImpl(FXMLLoader.java:2688)
	at javafx.fxml@21.0.2/javafx.fxml.FXMLLoader.loadImpl(FXMLLoader.java:2563)
	at javafx.fxml@21.0.2/javafx.fxml.FXMLLoader.loadImpl(FXMLLoader.java:3376)
	at javafx.fxml@21.0.2/javafx.fxml.FXMLLoader.loadImpl(FXMLLoader.java:3332)
	at javafx.fxml@21.0.2/javafx.fxml.FXMLLoader.loadImpl(FXMLLoader.java:3300)
	at javafx.fxml@21.0.2/javafx.fxml.FXMLLoader.loadImpl(FXMLLoader.java:3272)
	at javafx.fxml@21.0.2/javafx.fxml.FXMLLoader.loadImpl(FXMLLoader.java:3248)
	at javafx.fxml@21.0.2/javafx.fxml.FXMLLoader.load(FXMLLoader.java:3241)
	at GUI.MainAddProfessor.start(MainAddProfessor.java:13)
	at javafx.graphics@21.0.2/com.sun.javafx.application.LauncherImpl.lambda$launchApplication1$9(LauncherImpl.java:839)
	at javafx.graphics@21.0.2/com.sun.javafx.application.PlatformImpl.lambda$runAndWait$12(PlatformImpl.java:483)
	at javafx.graphics@21.0.2/com.sun.javafx.application.PlatformImpl.lambda$runLater$10(PlatformImpl.java:456)
	at java.base/java.security.AccessController.doPrivileged(AccessController.java:399)
	at javafx.graphics@21.0.2/com.sun.javafx.application.PlatformImpl.lambda$runLater$11(PlatformImpl.java:455)
	at javafx.graphics@21.0.2/com.sun.glass.ui.InvokeLaterDispatcher$Future.run(InvokeLaterDispatcher.java:95)
	at javafx.graphics@21.0.2/com.sun.glass.ui.win.WinApplication._runLoop(Native Method)
	at javafx.graphics@21.0.2/com.sun.glass.ui.win.WinApplication.lambda$runLoop$3(WinApplication.java:185)
	at java.base/java.lang.Thread.run(Thread.java:1589)
27-05-2024 00:12:49 ERROR ProfessorDAO:141: ERROR: 
java.sql.SQLException: Column 'país' not found.
	at com.mysql.cj.jdbc.exceptions.SQLError.createSQLException(SQLError.java:129)
	at com.mysql.cj.jdbc.exceptions.SQLError.createSQLException(SQLError.java:97)
	at com.mysql.cj.jdbc.exceptions.SQLError.createSQLException(SQLError.java:89)
	at com.mysql.cj.jdbc.exceptions.SQLError.createSQLException(SQLError.java:63)
	at com.mysql.cj.jdbc.result.ResultSetImpl.findColumn(ResultSetImpl.java:575)
	at com.mysql.cj.jdbc.result.ResultSetImpl.getString(ResultSetImpl.java:882)
	at logic.DAO.ProfessorDAO.loadProfessorsCountry(ProfessorDAO.java:138)
	at GUI.AddProfessorController.initialize(AddProfessorController.java:344)
	at java.base/jdk.internal.reflect.DirectMethodHandleAccessor.invoke(DirectMethodHandleAccessor.java:104)
	at java.base/java.lang.reflect.Method.invoke(Method.java:578)
	at com.sun.javafx.reflect.Trampoline.invoke(MethodUtil.java:72)
	at java.base/jdk.internal.reflect.DirectMethodHandleAccessor.invoke(DirectMethodHandleAccessor.java:104)
	at java.base/java.lang.reflect.Method.invoke(Method.java:578)
	at javafx.base@21.0.2/com.sun.javafx.reflect.MethodUtil.invoke(MethodUtil.java:270)
	at javafx.fxml@21.0.2/com.sun.javafx.fxml.MethodHelper.invoke(MethodHelper.java:84)
	at javafx.fxml@21.0.2/javafx.fxml.FXMLLoader.loadImpl(FXMLLoader.java:2688)
	at javafx.fxml@21.0.2/javafx.fxml.FXMLLoader.loadImpl(FXMLLoader.java:2563)
	at javafx.fxml@21.0.2/javafx.fxml.FXMLLoader.loadImpl(FXMLLoader.java:3376)
	at javafx.fxml@21.0.2/javafx.fxml.FXMLLoader.loadImpl(FXMLLoader.java:3332)
	at javafx.fxml@21.0.2/javafx.fxml.FXMLLoader.loadImpl(FXMLLoader.java:3300)
	at javafx.fxml@21.0.2/javafx.fxml.FXMLLoader.loadImpl(FXMLLoader.java:3272)
	at javafx.fxml@21.0.2/javafx.fxml.FXMLLoader.loadImpl(FXMLLoader.java:3248)
	at javafx.fxml@21.0.2/javafx.fxml.FXMLLoader.load(FXMLLoader.java:3241)
	at GUI.MainAddProfessor.start(MainAddProfessor.java:13)
	at javafx.graphics@21.0.2/com.sun.javafx.application.LauncherImpl.lambda$launchApplication1$9(LauncherImpl.java:839)
	at javafx.graphics@21.0.2/com.sun.javafx.application.PlatformImpl.lambda$runAndWait$12(PlatformImpl.java:483)
	at javafx.graphics@21.0.2/com.sun.javafx.application.PlatformImpl.lambda$runLater$10(PlatformImpl.java:456)
	at java.base/java.security.AccessController.doPrivileged(AccessController.java:399)
	at javafx.graphics@21.0.2/com.sun.javafx.application.PlatformImpl.lambda$runLater$11(PlatformImpl.java:455)
	at javafx.graphics@21.0.2/com.sun.glass.ui.InvokeLaterDispatcher$Future.run(InvokeLaterDispatcher.java:95)
	at javafx.graphics@21.0.2/com.sun.glass.ui.win.WinApplication._runLoop(Native Method)
	at javafx.graphics@21.0.2/com.sun.glass.ui.win.WinApplication.lambda$runLoop$3(WinApplication.java:185)
	at java.base/java.lang.Thread.run(Thread.java:1589)
27-05-2024 00:37:39 ERROR ChangeWindowManager:41: javafx.fxml.LoadException: 
/C:/Users/isabe/AppData/Roaming/Code/User/workspaceStorage/7c4de153cfca348c2711dfcf3fff9250/redhat.java/jdt_ws/COIL_VIC_c23c4906/bin/GUI/login.fxml:13

27-05-2024 00:42:14 ERROR ChangeWindowManager:41: javafx.fxml.LoadException: 
/C:/Users/isabe/AppData/Roaming/Code/User/workspaceStorage/7c4de153cfca348c2711dfcf3fff9250/redhat.java/jdt_ws/COIL_VIC_c23c4906/bin/GUI/login.fxml:13

